<?xml version="1.0" encoding="UTF-8"?>
<!-- Generated by org.testng.reporters.JUnitXMLReporter -->
<testsuite ignored="0" hostname="DESKTOP-N3LRL61" failures="0" tests="8" name="Default test" time="19.681" errors="0" timestamp="2023-10-13T08:52:01 IST">
  <testcase classname="com.qa.opencart.test.HomePageTest" name="HomepagetitleTest" time="0.067"/>
  <testcase classname="com.qa.opencart.test.HomePageTest" name="HomepageurlTest" time="0.004"/>
  <testcase classname="com.qa.opencart.test.HomePageTest" name="HomePageProductsTest" time="0.109"/>
  <testcase classname="com.qa.opencart.test.HomePageTest" name="navigateToLoginPage" time="0.031"/>
  <testcase classname="com.qa.opencart.test.HomePageTest" name="validateFooterHyperLinkTest" time="0.063"/>
  <testcase classname="com.qa.opencart.test.HomePageTest" name="HomepouctTest" time="0.792"/>
  <testcase classname="com.qa.opencart.test.HomePageTest" name="HomepouctTest" time="0.974"/>
  <testcase classname="com.qa.opencart.test.HomePageTest" name="HomepouctTest" time="0.794"/>
</testsuite> <!-- Default test -->
