<?xml version="1.0" encoding="UTF-8"?>
<!-- Generated by org.testng.reporters.JUnitXMLReporter -->
<testsuite ignored="0" hostname="DESKTOP-N3LRL61" failures="3" tests="3" name="TestCheckoutPage" time="5.003" errors="0" timestamp="2023-10-11T19:25:16 IST">
  <testcase classname="com.qa.opencart.test.CheckoutPageTest" name="CheckoutdetailsTest" time="0.001">
    <failure type="java.lang.NullPointerException" message="Cannot invoke &amp;quot;com.QA.Pages.AddToCartPage.clickOnContinueButton()&amp;quot; because &amp;quot;this.add&amp;quot; is null">
      <![CDATA[java.lang.NullPointerException: Cannot invoke "com.QA.Pages.AddToCartPage.clickOnContinueButton()" because "this.add" is null
at com.qa.opencart.test.CheckoutPageTest.CheckoutdetailsTest(CheckoutPageTest.java:14)
at java.base/java.util.ArrayList.forEach(ArrayList.java:1511)
... Removed 27 stack frames]]>
    </failure>
  </testcase> <!-- CheckoutdetailsTest -->
  <testcase classname="com.qa.opencart.test.CheckoutPageTest" name="selectCountryTest" time="0.003">
    <failure type="java.lang.NullPointerException" message="Cannot invoke &amp;quot;com.QA.Pages.CheckoutPage.selectCountry()&amp;quot; because &amp;quot;this.checkout&amp;quot; is null">
      <![CDATA[java.lang.NullPointerException: Cannot invoke "com.QA.Pages.CheckoutPage.selectCountry()" because "this.checkout" is null
at com.qa.opencart.test.CheckoutPageTest.selectCountryTest(CheckoutPageTest.java:20)
at java.base/java.util.ArrayList.forEach(ArrayList.java:1511)
... Removed 27 stack frames]]>
    </failure>
  </testcase> <!-- selectCountryTest -->
  <testcase classname="com.qa.opencart.test.CheckoutPageTest" name="selectRegionTest" time="0.001">
    <failure type="java.lang.NullPointerException" message="Cannot invoke &amp;quot;com.QA.Pages.CheckoutPage.selectRegion()&amp;quot; because &amp;quot;this.checkout&amp;quot; is null">
      <![CDATA[java.lang.NullPointerException: Cannot invoke "com.QA.Pages.CheckoutPage.selectRegion()" because "this.checkout" is null
at com.qa.opencart.test.CheckoutPageTest.selectRegionTest(CheckoutPageTest.java:25)
at java.base/java.util.ArrayList.forEach(ArrayList.java:1511)
... Removed 27 stack frames]]>
    </failure>
  </testcase> <!-- selectRegionTest -->
</testsuite> <!-- TestCheckoutPage -->
