<?xml version="1.0" encoding="UTF-8"?>
<!-- Generated by org.testng.reporters.JUnitXMLReporter -->
<testsuite ignored="2" hostname="DESKTOP-N3LRL61" failures="4" tests="10" name="Test" time="10.966" errors="0" timestamp="2023-10-10T21:12:55 IST">
  <testcase classname="com.qa.opencart.test.HomePageTest" name="HomepagetitleTest" time="0.026"/>
  <testcase classname="com.qa.opencart.test.HomePageTest" name="HomepageurlTest" time="0.003"/>
  <testcase classname="com.qa.opencart.test.HomePageTest" name="HomepouctTest" time="0.594"/>
  <testcase classname="com.qa.opencart.test.HomePageTest" name="HomepouctTest" time="0.483"/>
  <testcase classname="com.qa.opencart.test.HomePageTest" name="HomepouctTest" time="0.608"/>
  <testcase classname="com.qa.opencart.test.HomePageTest" name="navigateToLoginPage" time="0.452"/>
  <testcase classname="com.qa.opencart.test.LoginPageTest" name="LoginPageTitleTest" time="0.002">
    <failure type="java.lang.NullPointerException" message="Cannot invoke &amp;quot;com.QA.Pages.HomePage.NavigatetoLoginPage()&amp;quot; because &amp;quot;this.homepage&amp;quot; is null">
      <![CDATA[java.lang.NullPointerException: Cannot invoke "com.QA.Pages.HomePage.NavigatetoLoginPage()" because "this.homepage" is null
at com.qa.opencart.test.LoginPageTest.LoginPageTitleTest(LoginPageTest.java:11)
at java.base/java.util.ArrayList.forEach(ArrayList.java:1511)
... Removed 27 stack frames]]>
    </failure>
  </testcase> <!-- LoginPageTitleTest -->
  <testcase classname="com.qa.opencart.test.LoginPageTest" name="LoginPageUrlTest" time="0.002">
    <failure type="java.lang.NullPointerException" message="Cannot invoke &amp;quot;com.QA.Pages.LoginPage.getLoginpageurl()&amp;quot; because &amp;quot;this.login&amp;quot; is null">
      <![CDATA[java.lang.NullPointerException: Cannot invoke "com.QA.Pages.LoginPage.getLoginpageurl()" because "this.login" is null
at com.qa.opencart.test.LoginPageTest.LoginPageUrlTest(LoginPageTest.java:25)
at java.base/java.util.ArrayList.forEach(ArrayList.java:1511)
... Removed 27 stack frames]]>
    </failure>
  </testcase> <!-- LoginPageUrlTest -->
  <testcase classname="com.qa.opencart.test.LoginPageTest" name="forgotlinkTest" time="0.005">
    <failure type="java.lang.NullPointerException" message="Cannot invoke &amp;quot;com.QA.Pages.LoginPage.ISforgotLinkButtonvisible()&amp;quot; because &amp;quot;this.login&amp;quot; is null">
      <![CDATA[java.lang.NullPointerException: Cannot invoke "com.QA.Pages.LoginPage.ISforgotLinkButtonvisible()" because "this.login" is null
at com.qa.opencart.test.LoginPageTest.forgotlinkTest(LoginPageTest.java:38)
at java.base/java.util.ArrayList.forEach(ArrayList.java:1511)
... Removed 27 stack frames]]>
    </failure>
  </testcase> <!-- forgotlinkTest -->
  <testcase classname="com.qa.opencart.test.LoginPageTest" name="logiActionTest" time="0.002">
    <failure type="java.lang.NullPointerException" message="Cannot invoke &amp;quot;java.util.Properties.getProperty(String)&amp;quot; because &amp;quot;this.prop&amp;quot; is null">
      <![CDATA[java.lang.NullPointerException: Cannot invoke "java.util.Properties.getProperty(String)" because "this.prop" is null
at com.qa.opencart.test.LoginPageTest.logiActionTest(LoginPageTest.java:51)
at java.base/java.util.ArrayList.forEach(ArrayList.java:1511)
... Removed 27 stack frames]]>
    </failure>
  </testcase> <!-- logiActionTest -->
  <testcase classname="com.qa.opencaert.base.BaseTest" name="@AfterTest teardown" time="0.0">
    <ignored/>
  </testcase> <!-- @AfterTest teardown -->
  <testcase classname="com.qa.opencaert.base.BaseTest" name="@BeforeTest setup" time="0.0">
    <ignored/>
  </testcase> <!-- @BeforeTest setup -->
</testsuite> <!-- Test -->
