<?xml version="1.0" encoding="UTF-8"?>
<!-- Generated by org.testng.reporters.JUnitXMLReporter -->
<testsuite ignored="0" hostname="DESKTOP-N3LRL61" failures="0" tests="8" name="TestHomePage" time="9.065" errors="0" timestamp="2023-10-13T10:48:04 IST">
  <testcase classname="com.qa.opencart.test.HomePageTest" name="HomepagetitleTest" time="0.262"/>
  <testcase classname="com.qa.opencart.test.HomePageTest" name="HomepageurlTest" time="0.016"/>
  <testcase classname="com.qa.opencart.test.HomePageTest" name="HomePageProductsTest" time="0.069"/>
  <testcase classname="com.qa.opencart.test.HomePageTest" name="navigateToLoginPage" time="0.015"/>
  <testcase classname="com.qa.opencart.test.HomePageTest" name="validateFooterHyperLinkTest" time="0.038"/>
  <testcase classname="com.qa.opencart.test.HomePageTest" name="HomepouctTest" time="0.808"/>
  <testcase classname="com.qa.opencart.test.HomePageTest" name="HomepouctTest" time="0.956"/>
  <testcase classname="com.qa.opencart.test.HomePageTest" name="HomepouctTest" time="0.815"/>
</testsuite> <!-- TestHomePage -->
