<?xml version="1.0" encoding="UTF-8"?>
<!-- Generated by org.testng.reporters.JUnitXMLReporter -->
<testsuite ignored="0" hostname="DESKTOP-N3LRL61" failures="0" tests="3" name="TestRegisterPage" time="20.457" errors="0" timestamp="2023-10-13T10:47:54 IST">
  <testcase classname="com.qa.opencart.test.RegisterPageTest" name="EnterRegistrationTest" time="3.151"/>
  <testcase classname="com.qa.opencart.test.RegisterPageTest" name="AccountCreationVerificationTest" time="0.057"/>
  <testcase classname="com.qa.opencart.test.RegisterPageTest" name="VerifyLinksTest" time="0.049"/>
</testsuite> <!-- TestRegisterPage -->
