<?xml version="1.0" encoding="UTF-8"?>
<!-- Generated by org.testng.reporters.JUnitXMLReporter -->
<testsuite ignored="0" hostname="DESKTOP-N3LRL61" failures="0" tests="4" name="TestAddToCartPage" time="9.334" errors="0" timestamp="2023-10-13T10:48:13 IST">
  <testcase classname="com.qa.opencart.test.AddToCartPageTest" name="getOrderDetailsTest" time="0.96"/>
  <testcase classname="com.qa.opencart.test.AddToCartPageTest" name="click_on_addtocart_Test" time="1.948"/>
  <testcase classname="com.qa.opencart.test.AddToCartPageTest" name="getOrderDataTest" time="0.181"/>
  <testcase classname="com.qa.opencart.test.AddToCartPageTest" name="ClickonRemoveTest" time="0.42"/>
</testsuite> <!-- TestAddToCartPage -->
