<?xml version="1.0" encoding="UTF-8"?>
<!-- Generated by org.testng.reporters.JUnitXMLReporter -->
<testsuite ignored="0" hostname="DESKTOP-N3LRL61" failures="0" tests="4" name="TestLoginPage" time="10.321" errors="0" timestamp="2023-10-13T10:48:23 IST">
  <testcase classname="com.qa.opencart.test.LoginPageTest" name="LoginPageTitleTest" time="2.469"/>
  <testcase classname="com.qa.opencart.test.LoginPageTest" name="LoginPageUrlTest" time="0.003"/>
  <testcase classname="com.qa.opencart.test.LoginPageTest" name="forgotlinkTest" time="0.03"/>
  <testcase classname="com.qa.opencart.test.LoginPageTest" name="logiActionTest" time="1.577"/>
</testsuite> <!-- TestLoginPage -->
