<?xml version="1.0" encoding="UTF-8"?>
<testsuite xmlns:xsi="http://www.w3.org/2001/XMLSchema-instance" xsi:noNamespaceSchemaLocation="https://maven.apache.org/surefire/maven-surefire-plugin/xsd/surefire-test-report-3.0.xsd" version="3.0" name="TestSuite" time="54.366" tests="19" errors="0" skipped="0" failures="0">
  <properties>
[...]
</properties>
  <testcase name="EnterRegistrationTest" classname="com.qa.opencart.test.RegisterPageTest" time="3.162">
    <system-out><![CDATA[Browser name : chromium
[INFO ] 2023-10-13 10:47:54.389 [main] RegisterPageTest - Registration Details Entered
]]></system-out>
  </testcase>
  <testcase name="AccountCreationVerificationTest" classname="com.qa.opencart.test.RegisterPageTest" time="0.073">
    <system-out><![CDATA[Your Account Has Been Created!
[INFO ] 2023-10-13 10:47:54.458 [main] RegisterPageTest - Account Message Verification
[WARN ] 2023-10-13 10:47:54.463 [main] RegisterPageTest - Account Message Matched
]]></system-out>
  </testcase>
  <testcase name="VerifyLinksTest" classname="com.qa.opencart.test.RegisterPageTest" time="0.135">
    <system-out><![CDATA[My Account
Edit Account
Password
Address Book
Wish List
Order History
Downloads
Recurring payments
Reward Points
Returns
Transactions
Newsletter
Logout
[WARN ] 2023-10-13 10:47:54.516 [main] RegisterPageTest - Links validated Succesfully
]]></system-out>
  </testcase>
  <testcase name="HomepagetitleTest" classname="com.qa.opencart.test.HomePageTest" time="0.298">
    <system-out><![CDATA[Browser name : chromium
Page title :Your Store
[WARN ] 2023-10-13 10:48:00.862 [main] HomePageTest - HomePage title Matching
[WARN ] 2023-10-13 10:48:00.863 [main] HomePageTest - HomePage title Matched
]]></system-out>
  </testcase>
  <testcase name="HomepageurlTest" classname="com.qa.opencart.test.HomePageTest" time="0.015">
    <system-out><![CDATA[Page url is :https://naveenautomationlabs.com/opencart/
[WARN ] 2023-10-13 10:48:00.876 [main] HomePageTest - HomePage title Matching
[WARN ] 2023-10-13 10:48:00.876 [main] HomePageTest - HomePage title Matched
]]></system-out>
  </testcase>
  <testcase name="HomePageProductsTest" classname="com.qa.opencart.test.HomePageTest" time="0.051">
    <system-out><![CDATA[Featured
[WARN ] 2023-10-13 10:48:00.961 [main] HomePageTest - Home Page product text checking
[WARN ] 2023-10-13 10:48:00.961 [main] HomePageTest - Home Page product text matched
]]></system-out>
  </testcase>
  <testcase name="navigateToLoginPage" classname="com.qa.opencart.test.HomePageTest" time="0.013">
    <system-out><![CDATA[Mackbook Exist on HomePage :true
[INFO ] 2023-10-13 10:48:00.977 [main] HomePageTest - mackbook found
]]></system-out>
  </testcase>
  <testcase name="validateFooterHyperLinkTest" classname="com.qa.opencart.test.HomePageTest" time="0.065">
    <system-out><![CDATA[About Us
Delivery Information
Privacy Policy
Terms & Conditions
Contact Us
Returns
Site Map
Brands
Gift Certificates
Affiliate
Specials
My Account
Order History
Wish List
Newsletter
OpenCart
[INFO ] 2023-10-13 10:48:01.015 [main] HomePageTest - Home Page product text checking
]]></system-out>
  </testcase>
  <testcase name="HomepouctTest[Apple](1)" classname="com.qa.opencart.test.HomePageTest" time="0.797">
    <system-out><![CDATA[header content : Search - Apple
[WARN ] 2023-10-13 10:48:01.838 [main] HomePageTest - Checking Home Page Serch data
[WARN ] 2023-10-13 10:48:01.839 [main] HomePageTest - Home Page Serch data matched
]]></system-out>
  </testcase>
  <testcase name="HomepouctTest[Samsung](2)" classname="com.qa.opencart.test.HomePageTest" time="0.958">
    <system-out><![CDATA[header content : Search - Samsung
[WARN ] 2023-10-13 10:48:02.795 [main] HomePageTest - Checking Home Page Serch data
[WARN ] 2023-10-13 10:48:02.796 [main] HomePageTest - Home Page Serch data matched
]]></system-out>
  </testcase>
  <testcase name="HomepouctTest[Mackbook](3)" classname="com.qa.opencart.test.HomePageTest" time="0.831">
    <system-out><![CDATA[header content : Search - Mackbook
[WARN ] 2023-10-13 10:48:03.610 [main] HomePageTest - Checking Home Page Serch data
[WARN ] 2023-10-13 10:48:03.610 [main] HomePageTest - Home Page Serch data matched
]]></system-out>
  </testcase>
  <testcase name="getOrderDetailsTest" classname="com.qa.opencart.test.AddToCartPageTest" time="0.961">
    <system-out><![CDATA[Browser name : chromium
[WARN ] 2023-10-13 10:48:10.371 [main] AddToCartPageTest - Order Details Fetched Succesfully
]]></system-out>
  </testcase>
  <testcase name="click_on_addtocart_Test" classname="com.qa.opencart.test.AddToCartPageTest" time="1.965">
    <system-out><![CDATA[[WARN ] 2023-10-13 10:48:12.320 [main] AddToCartPageTest - Click on addtocart button
]]></system-out>
  </testcase>
  <testcase name="getOrderDataTest" classname="com.qa.opencart.test.AddToCartPageTest" time="0.174">
    <system-out><![CDATA[[WARN ] 2023-10-13 10:48:12.500 [main] AddToCartPageTest - Order Data Fetche Succesfully
]]></system-out>
  </testcase>
  <testcase name="ClickonRemoveTest" classname="com.qa.opencart.test.AddToCartPageTest" time="0.426">
    <system-out><![CDATA[[INFO ] 2023-10-13 10:48:12.921 [main] AddToCartPageTest - click on remove button
]]></system-out>
  </testcase>
  <testcase name="LoginPageTitleTest" classname="com.qa.opencart.test.LoginPageTest" time="2.472">
    <system-out><![CDATA[Browser name : chromium
Login  page title :Account Login
[WARN ] 2023-10-13 10:48:21.674 [main] LoginPageTest - Login title Matching
[WARN ] 2023-10-13 10:48:21.674 [main] LoginPageTest - Login titile Matched
]]></system-out>
  </testcase>
  <testcase name="LoginPageUrlTest" classname="com.qa.opencart.test.LoginPageTest" time="0.008">
    <system-out><![CDATA[Login  page url :https://naveenautomationlabs.com/opencart/index.php?route=account/login
[WARN ] 2023-10-13 10:48:21.680 [main] LoginPageTest - Login url  Matching
[WARN ] 2023-10-13 10:48:21.681 [main] LoginPageTest - Login url  Matched
]]></system-out>
  </testcase>
  <testcase name="forgotlinkTest" classname="com.qa.opencart.test.LoginPageTest" time="0.031">
    <system-out><![CDATA[Is Forgot password link found :true
[WARN ] 2023-10-13 10:48:21.720 [main] LoginPageTest - Forgot link Checking
[WARN ] 2023-10-13 10:48:21.720 [main] LoginPageTest - Forgot link matched
]]></system-out>
  </testcase>
  <testcase name="logiActionTest" classname="com.qa.opencart.test.LoginPageTest" time="1.57">
    <system-out><![CDATA[Login Credentials : Tejas222@123gmail.com : Tejas@123
[INFO ] 2023-10-13 10:48:23.297 [main] LoginPageTest - login Action Performed Sucessfully
]]></system-out>
  </testcase>
</testsuite>