<?xml version="1.0" encoding="UTF-8"?>
<testng-results ignored="0" total="19" passed="19" failed="0" skipped="0">
  <reporter-output>
  </reporter-output>
  <suite started-at="2023-10-13T08:52:14 IST" name="Suite" finished-at="2023-10-13T08:53:00 IST" duration-ms="46161">
    <groups>
    </groups>
    <test started-at="2023-10-13T08:52:14 IST" name="TestRegisterPage" finished-at="2023-10-13T08:52:33 IST" duration-ms="19285">
      <class name="com.qa.opencart.test.RegisterPageTest">
        <test-method is-config="true" signature="setup()[pri:0, instance:com.qa.opencart.test.RegisterPageTest@57af006c]" started-at="2023-10-13T08:52:14 IST" name="setup" finished-at="2023-10-13T08:52:29 IST" duration-ms="15247" status="PASS">
          <reporter-output>
          </reporter-output>
        </test-method> <!-- setup -->
        <test-method signature="EnterRegistrationTest()[pri:1, instance:com.qa.opencart.test.RegisterPageTest@57af006c]" started-at="2023-10-13T08:52:30 IST" name="EnterRegistrationTest" finished-at="2023-10-13T08:52:33 IST" duration-ms="3106" status="PASS">
          <reporter-output>
          </reporter-output>
        </test-method> <!-- EnterRegistrationTest -->
        <test-method signature="AccountCreationVerificationTest()[pri:2, instance:com.qa.opencart.test.RegisterPageTest@57af006c]" started-at="2023-10-13T08:52:33 IST" name="AccountCreationVerificationTest" finished-at="2023-10-13T08:52:33 IST" duration-ms="51" status="PASS">
          <reporter-output>
          </reporter-output>
        </test-method> <!-- AccountCreationVerificationTest -->
        <test-method signature="VerifyLinksTest()[pri:3, instance:com.qa.opencart.test.RegisterPageTest@57af006c]" started-at="2023-10-13T08:52:33 IST" name="VerifyLinksTest" finished-at="2023-10-13T08:52:33 IST" duration-ms="39" status="PASS">
          <reporter-output>
          </reporter-output>
        </test-method> <!-- VerifyLinksTest -->
        <test-method is-config="true" signature="teardown()[pri:0, instance:com.qa.opencart.test.RegisterPageTest@57af006c]" started-at="2023-10-13T08:52:33 IST" name="teardown" finished-at="2023-10-13T08:52:33 IST" duration-ms="616" status="PASS">
          <reporter-output>
          </reporter-output>
        </test-method> <!-- teardown -->
      </class> <!-- com.qa.opencart.test.RegisterPageTest -->
    </test> <!-- TestRegisterPage -->
    <test started-at="2023-10-13T08:52:33 IST" name="TestHomePage" finished-at="2023-10-13T08:52:42 IST" duration-ms="8818">
      <class name="com.qa.opencart.test.HomePageTest">
        <test-method is-config="true" signature="setup()[pri:0, instance:com.qa.opencart.test.HomePageTest@7c24b813]" started-at="2023-10-13T08:52:33 IST" name="setup" finished-at="2023-10-13T08:52:39 IST" duration-ms="5274" status="PASS">
          <reporter-output>
          </reporter-output>
        </test-method> <!-- setup -->
        <test-method signature="HomepagetitleTest()[pri:1, instance:com.qa.opencart.test.HomePageTest@7c24b813]" started-at="2023-10-13T08:52:39 IST" name="HomepagetitleTest" finished-at="2023-10-13T08:52:39 IST" duration-ms="82" status="PASS">
          <reporter-output>
          </reporter-output>
        </test-method> <!-- HomepagetitleTest -->
        <test-method signature="HomepageurlTest()[pri:2, instance:com.qa.opencart.test.HomePageTest@7c24b813]" started-at="2023-10-13T08:52:39 IST" name="HomepageurlTest" finished-at="2023-10-13T08:52:39 IST" duration-ms="4" status="PASS">
          <reporter-output>
          </reporter-output>
        </test-method> <!-- HomepageurlTest -->
        <test-method signature="HomePageProductsTest()[pri:3, instance:com.qa.opencart.test.HomePageTest@7c24b813]" started-at="2023-10-13T08:52:39 IST" name="HomePageProductsTest" finished-at="2023-10-13T08:52:39 IST" duration-ms="67" status="PASS">
          <reporter-output>
          </reporter-output>
        </test-method> <!-- HomePageProductsTest -->
        <test-method signature="navigateToLoginPage()[pri:4, instance:com.qa.opencart.test.HomePageTest@7c24b813]" started-at="2023-10-13T08:52:39 IST" name="navigateToLoginPage" finished-at="2023-10-13T08:52:39 IST" duration-ms="15" status="PASS">
          <reporter-output>
          </reporter-output>
        </test-method> <!-- navigateToLoginPage -->
        <test-method signature="validateFooterHyperLinkTest()[pri:5, instance:com.qa.opencart.test.HomePageTest@7c24b813]" started-at="2023-10-13T08:52:39 IST" name="validateFooterHyperLinkTest" finished-at="2023-10-13T08:52:39 IST" duration-ms="35" status="PASS">
          <reporter-output>
          </reporter-output>
        </test-method> <!-- validateFooterHyperLinkTest -->
        <test-method signature="HomepouctTest(java.lang.String)[pri:6, instance:com.qa.opencart.test.HomePageTest@7c24b813]" started-at="2023-10-13T08:52:39 IST" name="HomepouctTest" data-provider="getDataForSearch" finished-at="2023-10-13T08:52:40 IST" duration-ms="991" status="PASS">
          <params>
            <param index="0">
              <value>
                <![CDATA[Apple]]>
              </value>
            </param>
          </params>
          <reporter-output>
          </reporter-output>
        </test-method> <!-- HomepouctTest -->
        <test-method signature="HomepouctTest(java.lang.String)[pri:6, instance:com.qa.opencart.test.HomePageTest@7c24b813]" started-at="2023-10-13T08:52:40 IST" name="HomepouctTest" data-provider="getDataForSearch" finished-at="2023-10-13T08:52:41 IST" duration-ms="886" status="PASS">
          <params>
            <param index="0">
              <value>
                <![CDATA[Samsung]]>
              </value>
            </param>
          </params>
          <reporter-output>
          </reporter-output>
        </test-method> <!-- HomepouctTest -->
        <test-method signature="HomepouctTest(java.lang.String)[pri:6, instance:com.qa.opencart.test.HomePageTest@7c24b813]" started-at="2023-10-13T08:52:41 IST" name="HomepouctTest" data-provider="getDataForSearch" finished-at="2023-10-13T08:52:42 IST" duration-ms="849" status="PASS">
          <params>
            <param index="0">
              <value>
                <![CDATA[Mackbook]]>
              </value>
            </param>
          </params>
          <reporter-output>
          </reporter-output>
        </test-method> <!-- HomepouctTest -->
        <test-method is-config="true" signature="teardown()[pri:0, instance:com.qa.opencart.test.HomePageTest@7c24b813]" started-at="2023-10-13T08:52:42 IST" name="teardown" finished-at="2023-10-13T08:52:42 IST" duration-ms="562" status="PASS">
          <reporter-output>
          </reporter-output>
        </test-method> <!-- teardown -->
      </class> <!-- com.qa.opencart.test.HomePageTest -->
    </test> <!-- TestHomePage -->
    <test started-at="2023-10-13T08:52:42 IST" name="TestAddToCartPage" finished-at="2023-10-13T08:52:51 IST" duration-ms="8460">
      <class name="com.qa.opencart.test.AddToCartPageTest">
        <test-method is-config="true" signature="setup()[pri:0, instance:com.qa.opencart.test.AddToCartPageTest@6fd83fc1]" started-at="2023-10-13T08:52:42 IST" name="setup" finished-at="2023-10-13T08:52:47 IST" duration-ms="5116" status="PASS">
          <reporter-output>
          </reporter-output>
        </test-method> <!-- setup -->
        <test-method signature="getOrderDetailsTest()[pri:1, instance:com.qa.opencart.test.AddToCartPageTest@6fd83fc1]" started-at="2023-10-13T08:52:47 IST" name="getOrderDetailsTest" finished-at="2023-10-13T08:52:48 IST" duration-ms="878" status="PASS">
          <reporter-output>
          </reporter-output>
        </test-method> <!-- getOrderDetailsTest -->
        <test-method signature="click_on_addtocart_Test()[pri:2, instance:com.qa.opencart.test.AddToCartPageTest@6fd83fc1]" started-at="2023-10-13T08:52:48 IST" name="click_on_addtocart_Test" finished-at="2023-10-13T08:52:50 IST" duration-ms="1484" status="PASS">
          <reporter-output>
          </reporter-output>
        </test-method> <!-- click_on_addtocart_Test -->
        <test-method signature="getOrderDataTest()[pri:3, instance:com.qa.opencart.test.AddToCartPageTest@6fd83fc1]" started-at="2023-10-13T08:52:50 IST" name="getOrderDataTest" finished-at="2023-10-13T08:52:50 IST" duration-ms="196" status="PASS">
          <reporter-output>
          </reporter-output>
        </test-method> <!-- getOrderDataTest -->
        <test-method signature="ClickonRemoveTest()[pri:4, instance:com.qa.opencart.test.AddToCartPageTest@6fd83fc1]" started-at="2023-10-13T08:52:50 IST" name="ClickonRemoveTest" finished-at="2023-10-13T08:52:50 IST" duration-ms="265" status="PASS">
          <reporter-output>
          </reporter-output>
        </test-method> <!-- ClickonRemoveTest -->
        <test-method is-config="true" signature="teardown()[pri:0, instance:com.qa.opencart.test.AddToCartPageTest@6fd83fc1]" started-at="2023-10-13T08:52:50 IST" name="teardown" finished-at="2023-10-13T08:52:51 IST" duration-ms="496" status="PASS">
          <reporter-output>
          </reporter-output>
        </test-method> <!-- teardown -->
      </class> <!-- com.qa.opencart.test.AddToCartPageTest -->
    </test> <!-- TestAddToCartPage -->
    <test started-at="2023-10-13T08:52:51 IST" name="TestLoginPage" finished-at="2023-10-13T08:53:00 IST" duration-ms="9545">
      <class name="com.qa.opencart.test.LoginPageTest">
        <test-method is-config="true" signature="setup()[pri:0, instance:com.qa.opencart.test.LoginPageTest@342c38f8]" started-at="2023-10-13T08:52:51 IST" name="setup" finished-at="2023-10-13T08:52:56 IST" duration-ms="4811" status="PASS">
          <reporter-output>
          </reporter-output>
        </test-method> <!-- setup -->
        <test-method signature="LoginPageTitleTest()[pri:1, instance:com.qa.opencart.test.LoginPageTest@342c38f8]" started-at="2023-10-13T08:52:56 IST" name="LoginPageTitleTest" finished-at="2023-10-13T08:52:58 IST" duration-ms="2123" status="PASS">
          <reporter-output>
          </reporter-output>
        </test-method> <!-- LoginPageTitleTest -->
        <test-method signature="LoginPageUrlTest()[pri:2, instance:com.qa.opencart.test.LoginPageTest@342c38f8]" started-at="2023-10-13T08:52:58 IST" name="LoginPageUrlTest" finished-at="2023-10-13T08:52:58 IST" duration-ms="10" status="PASS">
          <reporter-output>
          </reporter-output>
        </test-method> <!-- LoginPageUrlTest -->
        <test-method signature="forgotlinkTest()[pri:3, instance:com.qa.opencart.test.LoginPageTest@342c38f8]" started-at="2023-10-13T08:52:58 IST" name="forgotlinkTest" finished-at="2023-10-13T08:52:58 IST" duration-ms="32" status="PASS">
          <reporter-output>
          </reporter-output>
        </test-method> <!-- forgotlinkTest -->
        <test-method signature="logiActionTest()[pri:4, instance:com.qa.opencart.test.LoginPageTest@342c38f8]" started-at="2023-10-13T08:52:58 IST" name="logiActionTest" finished-at="2023-10-13T08:53:00 IST" duration-ms="1871" status="PASS">
          <reporter-output>
          </reporter-output>
        </test-method> <!-- logiActionTest -->
        <test-method is-config="true" signature="teardown()[pri:0, instance:com.qa.opencart.test.LoginPageTest@342c38f8]" started-at="2023-10-13T08:53:00 IST" name="teardown" finished-at="2023-10-13T08:53:00 IST" duration-ms="679" status="PASS">
          <reporter-output>
          </reporter-output>
        </test-method> <!-- teardown -->
      </class> <!-- com.qa.opencart.test.LoginPageTest -->
    </test> <!-- TestLoginPage -->
  </suite> <!-- Suite -->
</testng-results>
